<?xml version="1.0" encoding="UTF-8"?>
<!-- Generated by org.testng.reporters.JUnitXMLReporter -->
<testsuite ignored="0" hostname="Atins-MBP.local" failures="0" tests="6" name="Command line test" time="0.018" errors="0" timestamp="06 Mar. 2021 16:13:27 GMT">
  <testcase classname="co.pragra.HomeTest" name="tc1" time="0.001"/>
  <testcase classname="co.pragra.LoginTest" name="loginTc" time="0.0"/>
  <testcase classname="co.pragra.LoginTest" name="loginTc1" time="0.0"/>
  <testcase classname="co.pragra.LoginTest" name="loginTc2" time="0.0"/>
  <testcase classname="co.pragra.LoginTest" name="loginTc3" time="0.0"/>
  <testcase classname="co.pragra.LoginTest" name="loginTc4" time="0.0"/>
</testsuite> <!-- Command line test -->
