<?xml version="1.0" encoding="UTF-8"?>
<testng-results ignored="0" total="6" passed="6" failed="0" skipped="0">
  <reporter-output>
  </reporter-output>
  <suite started-at="2021-03-06T16:13:27Z" name="Command line suite" finished-at="2021-03-06T16:13:27Z" duration-ms="18">
    <groups>
    </groups>
    <test started-at="2021-03-06T16:13:27Z" name="Command line test" finished-at="2021-03-06T16:13:27Z" duration-ms="18">
      <class name="co.pragra.HomeTest">
        <test-method is-config="true" signature="setUp()[pri:0, instance:co.pragra.HomeTest@47542153]" started-at="2021-03-06T16:13:27Z" name="setUp" finished-at="2021-03-06T16:13:27Z" duration-ms="9" status="PASS">
          <reporter-output>
          </reporter-output>
        </test-method> <!-- setUp -->
        <test-method is-config="true" signature="setUp1()[pri:0, instance:co.pragra.HomeTest@47542153]" started-at="2021-03-06T16:13:27Z" name="setUp1" finished-at="2021-03-06T16:13:27Z" duration-ms="0" status="PASS">
          <reporter-output>
          </reporter-output>
        </test-method> <!-- setUp1 -->
        <test-method is-config="true" signature="setUp2()[pri:0, instance:co.pragra.HomeTest@47542153]" started-at="2021-03-06T16:13:27Z" name="setUp2" finished-at="2021-03-06T16:13:27Z" duration-ms="1" status="PASS">
          <reporter-output>
          </reporter-output>
        </test-method> <!-- setUp2 -->
        <test-method signature="tc1()[pri:0, instance:co.pragra.HomeTest@47542153]" started-at="2021-03-06T16:13:27Z" name="tc1" finished-at="2021-03-06T16:13:27Z" duration-ms="1" status="PASS">
          <reporter-output>
          </reporter-output>
        </test-method> <!-- tc1 -->
        <test-method is-config="true" signature="cleanUp3()[pri:0, instance:co.pragra.HomeTest@47542153]" started-at="2021-03-06T16:13:27Z" name="cleanUp3" finished-at="2021-03-06T16:13:27Z" duration-ms="0" status="PASS">
          <reporter-output>
          </reporter-output>
        </test-method> <!-- cleanUp3 -->
        <test-method is-config="true" signature="cleanUp2()[pri:0, instance:co.pragra.HomeTest@47542153]" started-at="2021-03-06T16:13:27Z" name="cleanUp2" finished-at="2021-03-06T16:13:27Z" duration-ms="0" status="PASS">
          <reporter-output>
          </reporter-output>
        </test-method> <!-- cleanUp2 -->
        <test-method is-config="true" signature="cleanUp()[pri:0, instance:co.pragra.HomeTest@47542153]" started-at="2021-03-06T16:13:27Z" name="cleanUp" finished-at="2021-03-06T16:13:27Z" duration-ms="1" status="PASS">
          <reporter-output>
          </reporter-output>
        </test-method> <!-- cleanUp -->
      </class> <!-- co.pragra.HomeTest -->
      <class name="co.pragra.LoginTest">
        <test-method is-config="true" signature="setUp2()[pri:0, instance:co.pragra.LoginTest@33afa13b]" started-at="2021-03-06T16:13:27Z" name="setUp2" finished-at="2021-03-06T16:13:27Z" duration-ms="0" status="PASS">
          <reporter-output>
          </reporter-output>
        </test-method> <!-- setUp2 -->
        <test-method is-config="true" signature="setupBeforeMethod()[pri:0, instance:co.pragra.LoginTest@33afa13b]" started-at="2021-03-06T16:13:27Z" name="setupBeforeMethod" finished-at="2021-03-06T16:13:27Z" duration-ms="1" status="PASS">
          <reporter-output>
          </reporter-output>
        </test-method> <!-- setupBeforeMethod -->
        <test-method is-config="true" signature="setupBeforeMethod()[pri:0, instance:co.pragra.LoginTest@33afa13b]" started-at="2021-03-06T16:13:27Z" name="setupBeforeMethod" finished-at="2021-03-06T16:13:27Z" duration-ms="0" status="PASS">
          <reporter-output>
          </reporter-output>
        </test-method> <!-- setupBeforeMethod -->
        <test-method is-config="true" signature="setupBeforeMethod2()[pri:0, instance:co.pragra.LoginTest@33afa13b]" started-at="2021-03-06T16:13:27Z" name="setupBeforeMethod2" finished-at="2021-03-06T16:13:27Z" duration-ms="0" status="PASS">
          <reporter-output>
          </reporter-output>
        </test-method> <!-- setupBeforeMethod2 -->
        <test-method signature="loginTc()[pri:0, instance:co.pragra.LoginTest@33afa13b]" started-at="2021-03-06T16:13:27Z" name="loginTc" finished-at="2021-03-06T16:13:27Z" duration-ms="0" status="PASS">
          <reporter-output>
          </reporter-output>
        </test-method> <!-- loginTc -->
        <test-method is-config="true" signature="setupBeforeMethod2()[pri:0, instance:co.pragra.LoginTest@33afa13b]" started-at="2021-03-06T16:13:27Z" name="setupBeforeMethod2" finished-at="2021-03-06T16:13:27Z" duration-ms="0" status="PASS">
          <reporter-output>
          </reporter-output>
        </test-method> <!-- setupBeforeMethod2 -->
        <test-method is-config="true" signature="setupBeforeMethod2()[pri:0, instance:co.pragra.LoginTest@33afa13b]" started-at="2021-03-06T16:13:27Z" name="setupBeforeMethod2" finished-at="2021-03-06T16:13:27Z" duration-ms="0" status="PASS">
          <reporter-output>
          </reporter-output>
        </test-method> <!-- setupBeforeMethod2 -->
        <test-method signature="loginTc1()[pri:0, instance:co.pragra.LoginTest@33afa13b]" started-at="2021-03-06T16:13:27Z" name="loginTc1" finished-at="2021-03-06T16:13:27Z" duration-ms="0" status="PASS">
          <reporter-output>
          </reporter-output>
        </test-method> <!-- loginTc1 -->
        <test-method is-config="true" signature="setupBeforeMethod()[pri:0, instance:co.pragra.LoginTest@33afa13b]" started-at="2021-03-06T16:13:27Z" name="setupBeforeMethod" finished-at="2021-03-06T16:13:27Z" duration-ms="0" status="PASS">
          <reporter-output>
          </reporter-output>
        </test-method> <!-- setupBeforeMethod -->
        <test-method signature="loginTc2()[pri:0, instance:co.pragra.LoginTest@33afa13b]" started-at="2021-03-06T16:13:27Z" name="loginTc2" finished-at="2021-03-06T16:13:27Z" duration-ms="0" status="PASS">
          <reporter-output>
          </reporter-output>
        </test-method> <!-- loginTc2 -->
        <test-method signature="loginTc3()[pri:0, instance:co.pragra.LoginTest@33afa13b]" started-at="2021-03-06T16:13:27Z" name="loginTc3" finished-at="2021-03-06T16:13:27Z" duration-ms="0" status="PASS">
          <reporter-output>
          </reporter-output>
        </test-method> <!-- loginTc3 -->
        <test-method is-config="true" signature="setupBeforeMethod()[pri:0, instance:co.pragra.LoginTest@33afa13b]" started-at="2021-03-06T16:13:27Z" name="setupBeforeMethod" finished-at="2021-03-06T16:13:27Z" duration-ms="0" status="PASS">
          <reporter-output>
          </reporter-output>
        </test-method> <!-- setupBeforeMethod -->
        <test-method is-config="true" signature="setupBeforeMethod2()[pri:0, instance:co.pragra.LoginTest@33afa13b]" started-at="2021-03-06T16:13:27Z" name="setupBeforeMethod2" finished-at="2021-03-06T16:13:27Z" duration-ms="1" status="PASS">
          <reporter-output>
          </reporter-output>
        </test-method> <!-- setupBeforeMethod2 -->
        <test-method is-config="true" signature="setupBeforeMethod()[pri:0, instance:co.pragra.LoginTest@33afa13b]" started-at="2021-03-06T16:13:27Z" name="setupBeforeMethod" finished-at="2021-03-06T16:13:27Z" duration-ms="0" status="PASS">
          <reporter-output>
          </reporter-output>
        </test-method> <!-- setupBeforeMethod -->
        <test-method signature="loginTc4()[pri:0, instance:co.pragra.LoginTest@33afa13b]" started-at="2021-03-06T16:13:27Z" name="loginTc4" finished-at="2021-03-06T16:13:27Z" duration-ms="0" status="PASS">
          <reporter-output>
          </reporter-output>
        </test-method> <!-- loginTc4 -->
        <test-method is-config="true" signature="setupBeforeMethod2()[pri:0, instance:co.pragra.LoginTest@33afa13b]" started-at="2021-03-06T16:13:27Z" name="setupBeforeMethod2" finished-at="2021-03-06T16:13:27Z" duration-ms="0" status="PASS">
          <reporter-output>
          </reporter-output>
        </test-method> <!-- setupBeforeMethod2 -->
        <test-method is-config="true" signature="cleanUp3()[pri:0, instance:co.pragra.LoginTest@33afa13b]" started-at="2021-03-06T16:13:27Z" name="cleanUp3" finished-at="2021-03-06T16:13:27Z" duration-ms="0" status="PASS">
          <reporter-output>
          </reporter-output>
        </test-method> <!-- cleanUp3 -->
      </class> <!-- co.pragra.LoginTest -->
    </test> <!-- Command line test -->
  </suite> <!-- Command line suite -->
</testng-results>
